Build started 2011.11.02. 20:16:26.
     1>Project "D:\Dokumentumok\Programozás\Labyrinth\src\Labyrinth.vcxproj" on node 2 (build target(s)).
     1>C:\Program Files (x86)\MSBuild\Microsoft.Cpp\v4.0\Microsoft.CppBuild.targets(299,5): warning MSB8004: Output Directory does not end with a trailing slash.  This build instance will add the slash as it is required to allow proper evaluation of the Output Directory.
     1>InitializeBuildStatus:
         Creating "Release\Labyrinth.unsuccessfulbuild" because "AlwaysCreate" was specified.
       ClCompile:
         D:\Program Files (x86)\Microsoft Visual Studio 10.0\VC\bin\CL.exe /c /Zi /nologo /W3 /WX- /O2 /Oi /Oy- /GL /D WIN32 /D NDEBUG /D _WINDOWS /D _MBCS /Gm- /EHsc /MD /GS /Gy /fp:precise /Zc:wchar_t /Zc:forScope /Fo"Release\\" /Fd"Release\vc100.pdb" /Gd /TC /analyze- /errorReport:prompt game\gameLocal.c
         gameLocal.c
     1>game\gameLocal.c(31): warning C4020: 'monster_canSee' : too many actual parameters
     1>game\gameLocal.c(25): warning C4101: 'i' : unreferenced local variable
     1>game\gameLocal.c(133): warning C4142: benign redefinition of type
     1>game\gameLocal.c(133): warning C4029: declared formal parameter list different from definition
     1>game\gameLocal.c(279): warning C4101: 'B' : unreferenced local variable
     1>game\gameLocal.c(278): warning C4101: 'R' : unreferenced local variable
     1>game\gameLocal.c(403): warning C4101: 'y' : unreferenced local variable
     1>game\gameLocal.c(403): warning C4101: 'x' : unreferenced local variable
     1>game\gameLocal.c(404): warning C4101: 'newPosOK' : unreferenced local variable
     1>game\gameLocal.c(403): warning C4101: 'r' : unreferenced local variable
     1>game\gameLocal.c(522): warning C4101: 'x' : unreferenced local variable
     1>game\gameLocal.c(522): warning C4101: 'z' : unreferenced local variable
     1>game\gameLocal.c(680): warning C4996: 'fopen': This function or variable may be unsafe. Consider using fopen_s instead. To disable deprecation, use _CRT_SECURE_NO_WARNINGS. See online help for details.
                 D:\Program Files (x86)\Microsoft Visual Studio 10.0\VC\include\stdio.h(234) : see declaration of 'fopen'
     1>game\gameLocal.c(689): warning C4996: 'sscanf': This function or variable may be unsafe. Consider using sscanf_s instead. To disable deprecation, use _CRT_SECURE_NO_WARNINGS. See online help for details.
                 D:\Program Files (x86)\Microsoft Visual Studio 10.0\VC\include\stdio.h(325) : see declaration of 'sscanf'
     1>game\gameLocal.c(690): warning C4047: '=' : 'md5Model_t *' differs in levels of indirection from 'md5Model_t **'
     1>game\gameLocal.c(694): warning C4996: 'sscanf': This function or variable may be unsafe. Consider using sscanf_s instead. To disable deprecation, use _CRT_SECURE_NO_WARNINGS. See online help for details.
                 D:\Program Files (x86)\Microsoft Visual Studio 10.0\VC\include\stdio.h(325) : see declaration of 'sscanf'
     1>game\gameLocal.c(699): warning C4996: 'sscanf': This function or variable may be unsafe. Consider using sscanf_s instead. To disable deprecation, use _CRT_SECURE_NO_WARNINGS. See online help for details.
                 D:\Program Files (x86)\Microsoft Visual Studio 10.0\VC\include\stdio.h(325) : see declaration of 'sscanf'
     1>game\gameLocal.c(709): warning C4996: 'fscanf': This function or variable may be unsafe. Consider using fscanf_s instead. To disable deprecation, use _CRT_SECURE_NO_WARNINGS. See online help for details.
                 D:\Program Files (x86)\Microsoft Visual Studio 10.0\VC\include\stdio.h(253) : see declaration of 'fscanf'
     1>game\gameLocal.c(719): warning C4996: 'fscanf': This function or variable may be unsafe. Consider using fscanf_s instead. To disable deprecation, use _CRT_SECURE_NO_WARNINGS. See online help for details.
                 D:\Program Files (x86)\Microsoft Visual Studio 10.0\VC\include\stdio.h(253) : see declaration of 'fscanf'
     1>game\gameLocal.c(729): warning C4996: 'fscanf': This function or variable may be unsafe. Consider using fscanf_s instead. To disable deprecation, use _CRT_SECURE_NO_WARNINGS. See online help for details.
                 D:\Program Files (x86)\Microsoft Visual Studio 10.0\VC\include\stdio.h(253) : see declaration of 'fscanf'
     1>game\gameLocal.c(678): warning C4101: 'r1' : unreferenced local variable
     1>game\gameLocal.c(678): warning C4101: 'r2' : unreferenced local variable
     1>game\gameLocal.c(943): warning C4244: '=' : conversion from 'double' to 'float', possible loss of data
     1>game\gameLocal.c(1026): warning C4018: '>' : signed/unsigned mismatch
     1>game\gameLocal.c(1033): warning C4244: '=' : conversion from 'double' to 'float', possible loss of data
       Link:
         D:\Program Files (x86)\Microsoft Visual Studio 10.0\VC\bin\link.exe /ERRORREPORT:PROMPT /OUT:"..\bin\Labyrinth.exe" /INCREMENTAL:NO /NOLOGO kernel32.lib user32.lib gdi32.lib winspool.lib comdlg32.lib advapi32.lib shell32.lib ole32.lib oleaut32.lib uuid.lib odbc32.lib odbccp32.lib fmodex_vc.lib kernel32.lib user32.lib gdi32.lib winspool.lib comdlg32.lib advapi32.lib shell32.lib ole32.lib oleaut32.lib uuid.lib odbc32.lib odbccp32.lib /MANIFEST /ManifestFile:"Release\Labyrinth.exe.intermediate.manifest" /MANIFESTUAC:"level='asInvoker' uiAccess='false'" /DEBUG /PDB:"D:\Dokumentumok\Programozás\Labyrinth\bin\Labyrinth.pdb" /SUBSYSTEM:WINDOWS /OPT:REF /OPT:ICF /LTCG /TLBID:1 /DYNAMICBASE /NXCOMPAT /IMPLIB:"..\bin\Labyrinth.lib" /MACHINE:X86 Release\cinematics.obj
         Release\gameLocal.obj
         Release\labyrinth.obj
         Release\md5model.obj
         Release\actor.obj
         Release\player.obj
         Release\vertex.obj
         Release\world.obj
         Release\main.obj
         Release\matrix.obj
         Release\plane.obj
         Release\quaternion.obj
         Release\vector.obj
         Release\GLexp.obj
         Release\sys.obj
         Release\printer.obj
         Release\shader.obj
         Release\texture.obj  "opengl32.lib" 
         Generating code
     1>d:\dokumentumok\programozás\labyrinth\src\game\gamelocal.c(759): warning C4715: 'gameLocal_getModel' : not all control paths return a value
         Finished generating code
         Labyrinth.vcxproj -> D:\Dokumentumok\Programozás\Labyrinth\src\..\bin\Labyrinth.exe
       Manifest:
         C:\Program Files (x86)\Microsoft SDKs\Windows\v7.0A\bin\mt.exe /nologo /verbose /outputresource:"..\bin\Labyrinth.exe;#1" /manifest Release\Labyrinth.exe.intermediate.manifest
       FinalizeBuildStatus:
         Deleting file "Release\Labyrinth.unsuccessfulbuild".
         Touching "Release\Labyrinth.lastbuildstate".
     1>Done Building Project "D:\Dokumentumok\Programozás\Labyrinth\src\Labyrinth.vcxproj" (build target(s)).

Build succeeded.

Time Elapsed 00:00:02.08
