..\bin\Labyrinth.pdb
D:\DOKUMENTUMOK\PROGRAMOZáS\LABYRINTH\BIN\LABYRINTH.EXE
D:\DOKUMENTUMOK\PROGRAMOZÁS\LABYRINTH\BIN\LABYRINTH.PDB
D:\Dokumentumok\Programozás\Labyrinth\src\..\bin\Labyrinth.exe
D:\DOKUMENTUMOK\PROGRAMOZáS\LABYRINTH\SRC\RELEASE\ACTOR.OBJ
D:\DOKUMENTUMOK\PROGRAMOZáS\LABYRINTH\SRC\RELEASE\CINEMATICS.OBJ
D:\Dokumentumok\Programozás\Labyrinth\src\Release\cl.command.1.tlog
D:\Dokumentumok\Programozás\Labyrinth\src\Release\CL.read.1.tlog
D:\Dokumentumok\Programozás\Labyrinth\src\Release\CL.write.1.tlog
D:\DOKUMENTUMOK\PROGRAMOZáS\LABYRINTH\SRC\RELEASE\GAMELOCAL.OBJ
D:\DOKUMENTUMOK\PROGRAMOZáS\LABYRINTH\SRC\RELEASE\GLEXP.OBJ
D:\DOKUMENTUMOK\PROGRAMOZáS\LABYRINTH\SRC\RELEASE\LABYRINTH.EXE.INTERMEDIATE.MANIFEST
D:\DOKUMENTUMOK\PROGRAMOZáS\LABYRINTH\SRC\RELEASE\LABYRINTH.OBJ
D:\Dokumentumok\Programozás\Labyrinth\src\Release\link.command.1.tlog
D:\Dokumentumok\Programozás\Labyrinth\src\Release\link.read.1.tlog
D:\Dokumentumok\Programozás\Labyrinth\src\Release\link.write.1.tlog
D:\DOKUMENTUMOK\PROGRAMOZáS\LABYRINTH\SRC\RELEASE\MAIN.OBJ
D:\DOKUMENTUMOK\PROGRAMOZáS\LABYRINTH\SRC\RELEASE\MATRIX.OBJ
D:\DOKUMENTUMOK\PROGRAMOZáS\LABYRINTH\SRC\RELEASE\MD5MODEL.OBJ
D:\Dokumentumok\Programozás\Labyrinth\src\Release\mt.command.1.tlog
D:\Dokumentumok\Programozás\Labyrinth\src\Release\mt.read.1.tlog
D:\Dokumentumok\Programozás\Labyrinth\src\Release\mt.write.1.tlog
D:\DOKUMENTUMOK\PROGRAMOZáS\LABYRINTH\SRC\RELEASE\PLANE.OBJ
D:\DOKUMENTUMOK\PROGRAMOZáS\LABYRINTH\SRC\RELEASE\PLAYER.OBJ
D:\DOKUMENTUMOK\PROGRAMOZáS\LABYRINTH\SRC\RELEASE\PRINTER.OBJ
D:\DOKUMENTUMOK\PROGRAMOZáS\LABYRINTH\SRC\RELEASE\QUATERNION.OBJ
D:\DOKUMENTUMOK\PROGRAMOZáS\LABYRINTH\SRC\RELEASE\SHADER.OBJ
D:\DOKUMENTUMOK\PROGRAMOZáS\LABYRINTH\SRC\RELEASE\SYS.OBJ
D:\DOKUMENTUMOK\PROGRAMOZáS\LABYRINTH\SRC\RELEASE\TEXTURE.OBJ
D:\DOKUMENTUMOK\PROGRAMOZÁS\LABYRINTH\SRC\RELEASE\VC100.PDB
D:\DOKUMENTUMOK\PROGRAMOZáS\LABYRINTH\SRC\RELEASE\VECTOR.OBJ
D:\DOKUMENTUMOK\PROGRAMOZáS\LABYRINTH\SRC\RELEASE\VERTEX.OBJ
D:\DOKUMENTUMOK\PROGRAMOZáS\LABYRINTH\SRC\RELEASE\WORLD.OBJ
